<?xml version="1.0" encoding="UTF-8"?>
<!-- Generated by org.testng.reporters.JUnitXMLReporter -->
<testsuite ignored="0" hostname="Arul" failures="0" tests="3" name="Default test" time="0.053" errors="0" timestamp="2024-04-24T14:39:32 EDT">
  <testcase classname="dummy.Test_BeforeTestAndBeforeMethod" name="testADemo" time="0.005"/>
  <testcase classname="dummy.Test_BeforeTestAndBeforeMethod" name="testBDemo" time="0.001"/>
  <testcase classname="dummy.Test_BeforeTestAndBeforeMethod" name="testCDemo" time="0.003"/>
</testsuite> <!-- Default test -->
