<?xml version="1.0" encoding="UTF-8"?>
<testng-results ignored="0" total="2" passed="2" failed="0" skipped="0">
  <reporter-output>
  </reporter-output>
  <suite started-at="2024-04-25T13:08:33 EDT" name="Sauce Demo test suite" finished-at="2024-04-25T13:08:40 EDT" duration-ms="7097">
    <groups>
    </groups>
    <test started-at="2024-04-25T13:08:33 EDT" name="add product to cart" finished-at="2024-04-25T13:08:40 EDT" duration-ms="6756">
      <class name="com.lao.tests.TestAddProductToCart">
        <test-method is-config="true" signature="launchBrowser()[pri:0, instance:com.lao.tests.TestAddProductToCart@2cdd0d4b]" started-at="2024-04-25T13:08:33 EDT" name="launchBrowser" finished-at="2024-04-25T13:08:37 EDT" duration-ms="3740" status="PASS">
          <reporter-output>
          </reporter-output>
        </test-method> <!-- launchBrowser -->
        <test-method signature="addProductToCart()[pri:0, instance:com.lao.tests.TestAddProductToCart@2cdd0d4b]" started-at="2024-04-25T13:08:37 EDT" name="addProductToCart" finished-at="2024-04-25T13:08:39 EDT" duration-ms="2046" status="PASS">
          <reporter-output>
          </reporter-output>
        </test-method> <!-- addProductToCart -->
        <test-method is-config="true" signature="closeBrowser()[pri:0, instance:com.lao.tests.TestAddProductToCart@2cdd0d4b]" started-at="2024-04-25T13:08:39 EDT" name="closeBrowser" finished-at="2024-04-25T13:08:40 EDT" duration-ms="935" status="PASS">
          <reporter-output>
          </reporter-output>
        </test-method> <!-- closeBrowser -->
      </class> <!-- com.lao.tests.TestAddProductToCart -->
    </test> <!-- add product to cart -->
    <test started-at="2024-04-25T13:08:33 EDT" name="sort product price low to high" finished-at="2024-04-25T13:08:40 EDT" duration-ms="7097">
      <class name="com.lao.tests.TestSortProductByPriceLowtoHigh">
        <test-method is-config="true" signature="launchBrowser()[pri:0, instance:com.lao.tests.TestSortProductByPriceLowtoHigh@7671cb68]" started-at="2024-04-25T13:08:33 EDT" name="launchBrowser" finished-at="2024-04-25T13:08:37 EDT" duration-ms="3740" status="PASS">
          <reporter-output>
          </reporter-output>
        </test-method> <!-- launchBrowser -->
        <test-method signature="sortProductPriceLowTohigh()[pri:0, instance:com.lao.tests.TestSortProductByPriceLowtoHigh@7671cb68]" started-at="2024-04-25T13:08:37 EDT" name="sortProductPriceLowTohigh" finished-at="2024-04-25T13:08:39 EDT" duration-ms="2468" status="PASS">
          <reporter-output>
          </reporter-output>
        </test-method> <!-- sortProductPriceLowTohigh -->
        <test-method is-config="true" signature="closeBrowser()[pri:0, instance:com.lao.tests.TestSortProductByPriceLowtoHigh@7671cb68]" started-at="2024-04-25T13:08:39 EDT" name="closeBrowser" finished-at="2024-04-25T13:08:40 EDT" duration-ms="858" status="PASS">
          <reporter-output>
          </reporter-output>
        </test-method> <!-- closeBrowser -->
      </class> <!-- com.lao.tests.TestSortProductByPriceLowtoHigh -->
    </test> <!-- sort product price low to high -->
  </suite> <!-- Sauce Demo test suite -->
</testng-results>
